d:\tikhon\github\homebookkeeping\homebookkeeping\debug\vc143.pdb
d:\tikhon\github\homebookkeeping\homebookkeeping\debug\vc143.idb
d:\tikhon\github\homebookkeeping\homebookkeeping\debug\userservice.obj
d:\tikhon\github\homebookkeeping\homebookkeeping\debug\userrepository.obj
d:\tikhon\github\homebookkeeping\homebookkeeping\debug\user.obj
d:\tikhon\github\homebookkeeping\homebookkeeping\debug\source.obj
d:\tikhon\github\homebookkeeping\homebookkeeping\debug\repository.obj
d:\tikhon\github\homebookkeeping\homebookkeeping\debug\purchasefilereader.obj
d:\tikhon\github\homebookkeeping\homebookkeeping\debug\purchase.obj
d:\tikhon\github\homebookkeeping\homebookkeeping\debug\memoryuserrepository.obj
d:\tikhon\github\homebookkeeping\homebookkeeping\debug\jsonpurchasefilereader.obj
d:\tikhon\github\homebookkeeping\homebookkeeping\debug\jsonpurchasefactory.obj
d:\tikhon\github\homebookkeeping\homebookkeeping\debug\jsonjobfilereader.obj
d:\tikhon\github\homebookkeeping\homebookkeeping\debug\jsonjobfactory.obj
d:\tikhon\github\homebookkeeping\homebookkeeping\debug\jsonfamilyfilereader.obj
d:\tikhon\github\homebookkeeping\homebookkeeping\debug\jsonfamilyfactory.obj
d:\tikhon\github\homebookkeeping\homebookkeeping\debug\job.obj
d:\tikhon\github\homebookkeeping\homebookkeeping\debug\fileuserrepository.obj
d:\tikhon\github\homebookkeeping\homebookkeeping\debug\familymember.obj
d:\tikhon\github\homebookkeeping\homebookkeeping\debug\familyfilereader.obj
d:\tikhon\github\homebookkeeping\homebookkeeping\debug\family.obj
d:\tikhon\github\homebookkeeping\homebookkeeping\debug\childfamilymember.obj
d:\tikhon\github\homebookkeeping\homebookkeeping\debug\workingfamilymember.obj
d:\tikhon\github\homebookkeeping\homebookkeeping\debug\homebookkeeping.ilk
d:\tikhon\github\homebookkeeping\debug\homebookkeeping.exe
d:\tikhon\github\homebookkeeping\debug\homebookkeeping.pdb
d:\tikhon\github\homebookkeeping\homebookkeeping\debug\homebookkeeping.tlog\cl.command.1.tlog
d:\tikhon\github\homebookkeeping\homebookkeeping\debug\homebookkeeping.tlog\cl.read.1.tlog
d:\tikhon\github\homebookkeeping\homebookkeeping\debug\homebookkeeping.tlog\cl.write.1.tlog
d:\tikhon\github\homebookkeeping\homebookkeeping\debug\homebookkeeping.tlog\link.command.1.tlog
d:\tikhon\github\homebookkeeping\homebookkeeping\debug\homebookkeeping.tlog\link.read.1.tlog
d:\tikhon\github\homebookkeeping\homebookkeeping\debug\homebookkeeping.tlog\link.write.1.tlog
